<?xml version="1.0" encoding="UTF-8"?>
<testsuite xmlns:xsi="http://www.w3.org/2001/XMLSchema-instance" xsi:noNamespaceSchemaLocation="https://maven.apache.org/surefire/maven-surefire-plugin/xsd/surefire-test-report-3.0.xsd" version="3.0" name="pl.polsl.integration.model.IntegrationModelTest" time="0.613" tests="31" errors="0" skipped="0" failures="1">
  <properties>
[...]
</properties>
  <testcase name="testCalcualte" classname="pl.polsl.integration.model.IntegrationModelTest" time="0.154">
    <failure message="Result should be 100. ==&gt; expected: &lt;100.0&gt; but was: &lt;102.00999999999989&gt;" type="org.opentest4j.AssertionFailedError"><![CDATA[org.opentest4j.AssertionFailedError: Result should be 100. ==> expected: <100.0> but was: <102.00999999999989>
	at org.junit.jupiter.api.AssertionFailureBuilder.build(AssertionFailureBuilder.java:151)
	at org.junit.jupiter.api.AssertionFailureBuilder.buildAndThrow(AssertionFailureBuilder.java:132)
	at org.junit.jupiter.api.AssertEquals.failNotEqual(AssertEquals.java:197)
	at org.junit.jupiter.api.AssertEquals.assertEquals(AssertEquals.java:86)
	at org.junit.jupiter.api.Assertions.assertEquals(Assertions.java:1024)
	at pl.polsl.integration.model.IntegrationModelTest.testCalcualte(IntegrationModelTest.java:240)
	at java.base/java.lang.reflect.Method.invoke(Method.java:580)
	at java.base/java.util.ArrayList.forEach(ArrayList.java:1597)
	at java.base/java.util.ArrayList.forEach(ArrayList.java:1597)
]]></failure>
  </testcase>
  <testcase name="testFlipBounds" classname="pl.polsl.integration.model.IntegrationModelTest" time="0.006"/>
  <testcase name="testSetModeCorrect(char)[1]" classname="pl.polsl.integration.model.IntegrationModelTest" time="0.057"/>
  <testcase name="testSetModeCorrect(char)[2]" classname="pl.polsl.integration.model.IntegrationModelTest" time="0.004"/>
  <testcase name="testReadArgsCorrect(String, String, Double, Integer, double, double, String)[1]" classname="pl.polsl.integration.model.IntegrationModelTest" time="0.02"/>
  <testcase name="testReadArgsCorrect(String, String, Double, Integer, double, double, String)[2]" classname="pl.polsl.integration.model.IntegrationModelTest" time="0.004"/>
  <testcase name="testReadArgsCorrect(String, String, Double, Integer, double, double, String)[3]" classname="pl.polsl.integration.model.IntegrationModelTest" time="0.004"/>
  <testcase name="testReadArgsCorrect(String, String, Double, Integer, double, double, String)[4]" classname="pl.polsl.integration.model.IntegrationModelTest" time="0.003"/>
  <testcase name="testReadArgsCorrect(String, String, Double, Integer, double, double, String)[5]" classname="pl.polsl.integration.model.IntegrationModelTest" time="0.004"/>
  <testcase name="testSetModeInvalid(char)[1]" classname="pl.polsl.integration.model.IntegrationModelTest" time="0.01"/>
  <testcase name="testSetModeInvalid(char)[2]" classname="pl.polsl.integration.model.IntegrationModelTest" time="0.001"/>
  <testcase name="testSetModeInvalid(char)[3]" classname="pl.polsl.integration.model.IntegrationModelTest" time="0.001"/>
  <testcase name="testSetModeInvalid(char)[4]" classname="pl.polsl.integration.model.IntegrationModelTest" time="0.002"/>
  <testcase name="testReadArgsInvalid(String)[1]" classname="pl.polsl.integration.model.IntegrationModelTest" time="0.003"/>
  <testcase name="testReadArgsInvalid(String)[2]" classname="pl.polsl.integration.model.IntegrationModelTest" time="0.003"/>
  <testcase name="testReadArgsInvalid(String)[3]" classname="pl.polsl.integration.model.IntegrationModelTest" time="0.002"/>
  <testcase name="testReadArgsInvalid(String)[4]" classname="pl.polsl.integration.model.IntegrationModelTest" time="0.002"/>
  <testcase name="testReadArgsInvalid(String)[5]" classname="pl.polsl.integration.model.IntegrationModelTest" time="0.002"/>
  <testcase name="testReadArgsInvalid(String)[6]" classname="pl.polsl.integration.model.IntegrationModelTest" time="0.002"/>
  <testcase name="testReadArgsInvalid(String)[7]" classname="pl.polsl.integration.model.IntegrationModelTest" time="0.003"/>
  <testcase name="testReadArgsInvalid(String)[8]" classname="pl.polsl.integration.model.IntegrationModelTest" time="0.003"/>
  <testcase name="testReadArgsInvalid(String)[9]" classname="pl.polsl.integration.model.IntegrationModelTest" time="0.002"/>
  <testcase name="testReadArgsInvalid(String)[10]" classname="pl.polsl.integration.model.IntegrationModelTest" time="0.002"/>
  <testcase name="testReadArgsInvalid(String)[11]" classname="pl.polsl.integration.model.IntegrationModelTest" time="0.003"/>
  <testcase name="testReadArgsInvalid(String)[12]" classname="pl.polsl.integration.model.IntegrationModelTest" time="0.002"/>
  <testcase name="testReadArgsInvalid(String)[13]" classname="pl.polsl.integration.model.IntegrationModelTest" time="0.002"/>
  <testcase name="testReadArgsInvalid(String)[14]" classname="pl.polsl.integration.model.IntegrationModelTest" time="0.004"/>
  <testcase name="testReadArgsInvalid(String)[15]" classname="pl.polsl.integration.model.IntegrationModelTest" time="0.002"/>
  <testcase name="testReadArgsInvalid(String)[16]" classname="pl.polsl.integration.model.IntegrationModelTest" time="0.001"/>
  <testcase name="testReadArgsInvalid(String)[17]" classname="pl.polsl.integration.model.IntegrationModelTest" time="0.002"/>
  <testcase name="testIsReady" classname="pl.polsl.integration.model.IntegrationModelTest" time="0.004"/>
</testsuite>